{
  "RSpec": {
    "coverage": {
      "/Users/cdelbasso/tic-tac-toe-rb-online-web-sp-000/lib/tic_tac_toe.rb": [
        null,
        null,
        1,
        null,
        null,
        null,
        null,
        null,
        null,
        null,
        null,
        null,
        null,
        1,
        24,
        24,
        24,
        24,
        24,
        null,
        null,
        null,
        1,
        23,
        null,
        null,
        null,
        1,
        22,
        null,
        null,
        null,
        1,
        44,
        41,
        null,
        3,
        null,
        null,
        null,
        null,
        1,
        23,
        20,
        null,
        null,
        null,
        null,
        null,
        1,
        21,
        21,
        189,
        31,
        null,
        null,
        21,
        null,
        null,
        null,
        1,
        20,
        null,
        null,
        null,
        null,
        1,
        20,
        20,
        20,
        20,
        19,
        19,
        null,
        1,
        null,
        null,
        null,
        null,
        1,
        66,
        437,
        437,
        437,
        437,
        437,
        437,
        null,
        437,
        18,
        419,
        6,
        null,
        null,
        42,
        null,
        null,
        null,
        1,
        138,
        null,
        null,
        null,
        1,
        23,
        null,
        null,
        null,
        1,
        21,
        null,
        null,
        null,
        1,
        7,
        6,
        null,
        null,
        null,
        null,
        1,
        12,
        17,
        null,
        null,
        12,
        5,
        5,
        7,
        3,
        null,
        null
      ]
    },
    "timestamp": 1619636244
  }
}
